{
  "RSpec": {
    "coverage": {
      "/home/christopherdent/tic-tac-toe-rb-online-web-sp-000/lib/tic_tac_toe.rb": [
        1,
        null,
        null,
        1,
        6,
        6,
        6,
        6,
        6,
        null,
        null,
        null,
        null,
        1,
        null,
        null,
        null,
        null,
        null,
        null,
        null,
        null,
        null,
        null,
        1,
        8,
        null,
        null,
        null,
        1,
        7,
        null,
        null,
        null,
        1,
        12,
        null,
        null,
        null,
        null,
        1,
        8,
        5,
        null,
        3,
        null,
        null,
        null,
        null,
        null,
        1,
        5,
        5,
        5,
        5,
        5,
        null,
        4,
        4,
        null,
        1,
        null,
        null,
        null,
        null,
        1,
        7,
        7,
        63,
        5,
        null,
        null,
        7,
        null,
        null,
        1,
        6,
        null,
        null,
        null,
        null,
        1,
        null,
        7,
        50,
        50,
        50,
        null,
        50,
        50,
        50,
        null,
        50,
        3,
        null,
        null,
        null,
        47,
        0,
        null,
        47,
        null,
        null,
        null,
        null,
        null,
        1,
        9,
        4,
        null,
        5,
        null,
        null,
        null,
        1,
        6,
        2,
        null,
        4,
        null,
        null,
        null,
        1,
        3,
        2,
        null,
        1,
        null,
        null,
        null,
        1,
        3,
        1,
        2,
        1,
        null,
        null,
        null,
        null,
        null,
        null,
        null,
        1,
        null,
        2,
        null
      ]
    },
    "timestamp": 1562261965
  }
}
