{
  "RSpec": {
    "coverage": {
      "/home/christopherdent/tic-tac-toe-rb-online-web-sp-000/lib/tic_tac_toe.rb": [
        1,
        null,
        null,
        1,
        15,
        15,
        15,
        15,
        15,
        null,
        null,
        null,
        null,
        1,
        null,
        null,
        null,
        null,
        null,
        null,
        null,
        null,
        null,
        null,
        1,
        17,
        null,
        null,
        null,
        1,
        16,
        null,
        null,
        null,
        1,
        21,
        null,
        null,
        null,
        null,
        1,
        17,
        14,
        null,
        3,
        null,
        null,
        null,
        null,
        null,
        1,
        14,
        14,
        14,
        14,
        14,
        null,
        13,
        13,
        null,
        1,
        null,
        null,
        null,
        null,
        1,
        16,
        16,
        144,
        11,
        null,
        null,
        16,
        null,
        null,
        1,
        15,
        null,
        null,
        null,
        null,
        1,
        null,
        50,
        234,
        234,
        234,
        null,
        234,
        234,
        234,
        null,
        234,
        21,
        null,
        null,
        null,
        213,
        10,
        null,
        203,
        null,
        null,
        null,
        null,
        1,
        12,
        11,
        null,
        null,
        null,
        1,
        24,
        15,
        null,
        9,
        null,
        null,
        null,
        1,
        14,
        4,
        null,
        10,
        null,
        null,
        null,
        1,
        14,
        9,
        null,
        5,
        null,
        null,
        null,
        null,
        null,
        null,
        1,
        11,
        11,
        null,
        11,
        4,
        4,
        4,
        7,
        3,
        null,
        null
      ]
    },
    "timestamp": 1562264395
  }
}
